#! /opt/homebrew/Cellar/icarus-verilog/12.0/bin/vvp
:ivl_version "12.0 (stable)";
:ivl_delay_selection "TYPICAL";
:vpi_time_precision - 12;
:vpi_module "/opt/homebrew/Cellar/icarus-verilog/12.0/lib/ivl/system.vpi";
:vpi_module "/opt/homebrew/Cellar/icarus-verilog/12.0/lib/ivl/vhdl_sys.vpi";
:vpi_module "/opt/homebrew/Cellar/icarus-verilog/12.0/lib/ivl/vhdl_textio.vpi";
:vpi_module "/opt/homebrew/Cellar/icarus-verilog/12.0/lib/ivl/v2005_math.vpi";
:vpi_module "/opt/homebrew/Cellar/icarus-verilog/12.0/lib/ivl/va_math.vpi";
:vpi_module "/opt/homebrew/Cellar/icarus-verilog/12.0/lib/ivl/v2009.vpi";
S_0x137021cc0 .scope package, "$unit" "$unit" 2 1;
 .timescale 0 0;
S_0x137004430 .scope module, "display_controller" "display_controller" 3 3;
 .timescale -9 -12;
    .port_info 0 /INPUT 1 "clk_pixel";
    .port_info 1 /INPUT 1 "clk_5x";
    .port_info 2 /INPUT 1 "rst_pixel";
    .port_info 3 /INPUT 1 "i_display_job_valid";
    .port_info 4 /OUTPUT 1 "o_display_job_pop";
    .port_info 5 /INPUT 32 "i_total_packets";
    .port_info 6 /INPUT 32 "i_dropped_packets";
    .port_info 7 /OUTPUT 3 "hdmi_tx_p";
    .port_info 8 /OUTPUT 3 "hdmi_tx_n";
    .port_info 9 /OUTPUT 1 "hdmi_clk_p";
    .port_info 10 /OUTPUT 1 "hdmi_clk_n";
P_0x12600de00 .param/l "FPS" 1 3 42, +C4<00000000000000000000000000111100>;
P_0x12600de40 .param/l "HEIGHT" 0 3 9, +C4<00000000000000000000001010000000>;
P_0x12600de80 .param/l "H_BACK_PORCH" 1 3 35, +C4<00000000000000000000000011011100>;
P_0x12600dec0 .param/l "H_FRONT_PORCH" 1 3 33, +C4<00000000000000000000000001101110>;
P_0x12600df00 .param/l "H_PIXELS" 1 3 32, +C4<00000000000000000000010100000000>;
P_0x12600df40 .param/l "H_SYNC" 1 3 34, +C4<00000000000000000000000000101000>;
P_0x12600df80 .param/l "NUM_PACKET_RANGES" 1 3 79, +C4<00000000000000000000000000101000>;
P_0x12600dfc0 .param/l "NUM_TIME_RANGES" 1 3 78, +C4<00000000000000000000000001001011>;
P_0x12600e000 .param/l "ORIGIN_X" 0 3 6, +C4<00000000000000000000000000101000>;
P_0x12600e040 .param/l "ORIGIN_Y" 0 3 7, +C4<00000000000000000000000000101000>;
P_0x12600e080 .param/l "UNIT_HEIGHT" 0 3 5, +C4<00000000000000000000000000010000>;
P_0x12600e0c0 .param/l "UNIT_WIDTH" 0 3 4, +C4<00000000000000000000000000010000>;
P_0x12600e100 .param/l "V_BACK_PORCH" 1 3 40, +C4<00000000000000000000000000010100>;
P_0x12600e140 .param/l "V_FRONT_PORCH" 1 3 38, +C4<00000000000000000000000000000101>;
P_0x12600e180 .param/l "V_LINES" 1 3 37, +C4<00000000000000000000001011010000>;
P_0x12600e1c0 .param/l "V_SYNC" 1 3 39, +C4<00000000000000000000000000000101>;
P_0x12600e200 .param/l "WIDTH" 0 3 8, +C4<00000000000000000000010010110000>;
v0x1370069e0_0 .var "blue", 7 0;
o0x118008040 .functor BUFZ 1, C4<z>; HiZ drive
v0x1370305e0_0 .net "clk_5x", 0 0, o0x118008040;  0 drivers
o0x118008070 .functor BUFZ 1, C4<z>; HiZ drive
v0x137030680_0 .net "clk_pixel", 0 0, o0x118008070;  0 drivers
v0x137030730_0 .var "current_dropped_packet_count", 31 0;
v0x1370307e0_0 .var "current_packet_count", 31 0;
v0x1370308d0_0 .var "dropped_packet_counts", 2399 0;
v0x137030970_0 .var "green", 7 0;
v0x137030a20_0 .var "h_count", 10 0;
v0x137030ad0_0 .var "hdmi_clk_n", 0 0;
v0x137030bf0_0 .var "hdmi_clk_p", 0 0;
v0x137030c90_0 .var "hdmi_tx_n", 2 0;
v0x137030d40_0 .var "hdmi_tx_p", 2 0;
o0x118008250 .functor BUFZ 1, C4<z>; HiZ drive
v0x137030df0_0 .net "i_display_job_valid", 0 0, o0x118008250;  0 drivers
o0x118008280 .functor BUFZ 32, C4<zzzzzzzzzzzzzzzzzzzzzzzzzzzzzzzz>; HiZ drive
v0x137030e90_0 .net "i_dropped_packets", 31 0, o0x118008280;  0 drivers
o0x1180082b0 .functor BUFZ 32, C4<zzzzzzzzzzzzzzzzzzzzzzzzzzzzzzzz>; HiZ drive
v0x137030f40_0 .net "i_total_packets", 31 0, o0x1180082b0;  0 drivers
v0x137030ff0_0 .var "in_graph_frame", 0 0;
v0x137031090_0 .var "lower_packet_count", 31 0;
v0x137031220_0 .var "new_frame", 0 0;
v0x1370312b0_0 .var "new_h_count", 31 0;
v0x137031350_0 .var "new_v_count", 31 0;
v0x137031400_0 .var "o_display_job_pop", 0 0;
v0x1370314a0_0 .var "packet_count_bucket", 6 0;
v0x137031550_0 .var "packet_count_index", 0 0;
v0x1370315f0_0 .var "packet_counts", 2399 0;
v0x1370316b0_0 .var "red", 7 0;
o0x1180084c0 .functor BUFZ 1, C4<z>; HiZ drive
v0x137031760_0 .net "rst_pixel", 0 0, o0x1180084c0;  0 drivers
v0x137031800_0 .var "time_bucket", 7 0;
v0x1370318b0_0 .var "upper_packet_count", 31 0;
v0x137031960_0 .var "v_count", 9 0;
E_0x13700a9c0 .event anyedge, v0x137030a20_0, v0x137031960_0, v0x1370315f0_0, v0x1370308d0_0;
E_0x13700da10 .event posedge, v0x137030680_0;
E_0x1370085b0 .event anyedge, v0x137031220_0, v0x137030df0_0;
    .scope S_0x137004430;
T_0 ;
Ewait_0 .event/or E_0x1370085b0, E_0x0;
    %wait Ewait_0;
    %load/vec4 v0x137031220_0;
    %flag_set/vec4 8;
    %flag_get/vec4 8;
    %jmp/0 T_0.0, 8;
    %load/vec4 v0x137030df0_0;
    %and;
T_0.0;
    %store/vec4 v0x137031400_0, 0, 1;
    %jmp T_0;
    .thread T_0, $push;
    .scope S_0x137004430;
T_1 ;
    %wait E_0x13700da10;
    %load/vec4 v0x137031760_0;
    %flag_set/vec4 8;
    %jmp/0xz  T_1.0, 8;
    %pushi/vec4 0, 0, 2400;
    %assign/vec4 v0x1370315f0_0, 0;
    %pushi/vec4 0, 0, 1;
    %assign/vec4 v0x137031550_0, 0;
    %jmp T_1.1;
T_1.0 ;
    %load/vec4 v0x137031400_0;
    %flag_set/vec4 8;
    %jmp/0xz  T_1.2, 8;
    %load/vec4 v0x137031550_0;
    %pad/u 32;
    %cmpi/e 74, 0, 32;
    %jmp/0xz  T_1.4, 4;
    %load/vec4 v0x1370315f0_0;
    %ix/load 4, 31, 0;
    %flag_set/imm 4, 0;
    %shiftl 4;
    %assign/vec4 v0x1370315f0_0, 0;
    %load/vec4 v0x1370308d0_0;
    %ix/load 4, 31, 0;
    %flag_set/imm 4, 0;
    %shiftl 4;
    %assign/vec4 v0x1370308d0_0, 0;
    %jmp T_1.5;
T_1.4 ;
    %load/vec4 v0x137031550_0;
    %pad/u 2;
    %addi 1, 0, 2;
    %pad/u 1;
    %assign/vec4 v0x137031550_0, 0;
T_1.5 ;
    %load/vec4 v0x137030f40_0;
    %ix/load 5, 0, 0;
    %load/vec4 v0x137031550_0;
    %pad/u 74;
    %pad/u 79;
    %muli 32, 0, 79;
    %ix/vec4 4;
    %assign/vec4/off/d v0x1370315f0_0, 4, 5;
    %load/vec4 v0x137030e90_0;
    %ix/load 5, 0, 0;
    %load/vec4 v0x137031550_0;
    %pad/u 74;
    %pad/u 79;
    %muli 32, 0, 79;
    %ix/vec4 4;
    %assign/vec4/off/d v0x1370308d0_0, 4, 5;
T_1.2 ;
T_1.1 ;
    %jmp T_1;
    .thread T_1;
    .scope S_0x137004430;
T_2 ;
Ewait_1 .event/or E_0x13700a9c0, E_0x0;
    %wait Ewait_1;
    %load/vec4 v0x137030a20_0;
    %pad/u 32;
    %cmpi/u 40, 0, 32;
    %flag_inv 5; GE is !LT
    %flag_get/vec4 5;
    %jmp/0 T_2.2, 5;
    %load/vec4 v0x137030a20_0;
    %pad/u 32;
    %cmpi/u 1240, 0, 32;
    %flag_get/vec4 5;
    %and;
T_2.2;
    %flag_set/vec4 9;
    %flag_get/vec4 9;
    %jmp/0 T_2.1, 9;
    %pushi/vec4 40, 0, 32;
    %load/vec4 v0x137031960_0;
    %pad/u 32;
    %cmp/u;
    %flag_get/vec4 4;
    %flag_get/vec4 5;
    %or;
    %and;
T_2.1;
    %flag_set/vec4 8;
    %flag_get/vec4 8;
    %jmp/0 T_2.0, 8;
    %load/vec4 v0x137031960_0;
    %pad/u 32;
    %cmpi/u 680, 0, 32;
    %flag_get/vec4 5;
    %and;
T_2.0;
    %store/vec4 v0x137030ff0_0, 0, 1;
    %load/vec4 v0x137030ff0_0;
    %flag_set/vec4 8;
    %jmp/0xz  T_2.3, 8;
    %load/vec4 v0x137030a20_0;
    %pad/u 32;
    %subi 40, 0, 32;
    %store/vec4 v0x1370312b0_0, 0, 32;
    %load/vec4 v0x137031960_0;
    %pad/u 32;
    %subi 40, 0, 32;
    %store/vec4 v0x137031350_0, 0, 32;
    %load/vec4 v0x1370312b0_0;
    %ix/load 4, 4, 0;
    %flag_set/imm 4, 0;
    %shiftr 4;
    %pad/u 8;
    %store/vec4 v0x137031800_0, 0, 8;
    %load/vec4 v0x137031350_0;
    %ix/load 4, 4, 0;
    %flag_set/imm 4, 0;
    %shiftr 4;
    %pad/u 7;
    %store/vec4 v0x1370314a0_0, 0, 7;
    %load/vec4 v0x1370315f0_0;
    %load/vec4 v0x137031800_0;
    %pad/u 13;
    %muli 32, 0, 13;
    %part/u 32;
    %store/vec4 v0x1370307e0_0, 0, 32;
    %load/vec4 v0x1370308d0_0;
    %load/vec4 v0x137031800_0;
    %pad/u 13;
    %muli 32, 0, 13;
    %part/u 32;
    %store/vec4 v0x137030730_0, 0, 32;
    %load/vec4 v0x1370312b0_0;
    %cmpi/e 0, 0, 32;
    %jmp/1 T_2.9, 4;
    %flag_mov 8, 4;
    %load/vec4 v0x137031350_0;
    %cmpi/e 0, 0, 32;
    %flag_or 4, 8;
T_2.9;
    %jmp/1 T_2.8, 4;
    %flag_mov 8, 4;
    %load/vec4 v0x1370312b0_0;
    %cmpi/e 1199, 0, 32;
    %flag_or 4, 8;
T_2.8;
    %jmp/1 T_2.7, 4;
    %flag_mov 8, 4;
    %load/vec4 v0x137031350_0;
    %cmpi/e 639, 0, 32;
    %flag_or 4, 8;
T_2.7;
    %jmp/0xz  T_2.5, 4;
    %pushi/vec4 0, 0, 8;
    %store/vec4 v0x1370316b0_0, 0, 8;
    %pushi/vec4 0, 0, 8;
    %store/vec4 v0x1370069e0_0, 0, 8;
    %pushi/vec4 0, 0, 8;
    %store/vec4 v0x137030970_0, 0, 8;
    %jmp T_2.6;
T_2.5 ;
    %load/vec4 v0x1370314a0_0;
    %pad/u 32;
    %muli 1000, 0, 32;
    %store/vec4 v0x137031090_0, 0, 32;
    %load/vec4 v0x1370314a0_0;
    %pad/u 32;
    %addi 1, 0, 32;
    %muli 1000, 0, 32;
    %store/vec4 v0x1370318b0_0, 0, 32;
    %load/vec4 v0x137031090_0;
    %load/vec4 v0x137030730_0;
    %cmp/u;
    %flag_get/vec4 5;
    %jmp/0 T_2.12, 5;
    %load/vec4 v0x137030730_0;
    %load/vec4 v0x1370318b0_0;
    %cmp/u;
    %flag_get/vec4 4;
    %flag_get/vec4 5;
    %or;
    %and;
T_2.12;
    %flag_set/vec4 8;
    %jmp/0xz  T_2.10, 8;
    %pushi/vec4 255, 0, 8;
    %store/vec4 v0x1370316b0_0, 0, 8;
    %pushi/vec4 0, 0, 8;
    %store/vec4 v0x1370069e0_0, 0, 8;
    %pushi/vec4 0, 0, 8;
    %store/vec4 v0x137030970_0, 0, 8;
    %jmp T_2.11;
T_2.10 ;
    %load/vec4 v0x137031090_0;
    %load/vec4 v0x1370307e0_0;
    %cmp/u;
    %flag_get/vec4 5;
    %jmp/0 T_2.15, 5;
    %load/vec4 v0x1370307e0_0;
    %load/vec4 v0x1370318b0_0;
    %cmp/u;
    %flag_get/vec4 4;
    %flag_get/vec4 5;
    %or;
    %and;
T_2.15;
    %flag_set/vec4 8;
    %jmp/0xz  T_2.13, 8;
    %pushi/vec4 0, 0, 8;
    %store/vec4 v0x1370316b0_0, 0, 8;
    %pushi/vec4 0, 0, 8;
    %store/vec4 v0x1370069e0_0, 0, 8;
    %pushi/vec4 255, 0, 8;
    %store/vec4 v0x137030970_0, 0, 8;
    %jmp T_2.14;
T_2.13 ;
    %pushi/vec4 255, 0, 8;
    %store/vec4 v0x1370316b0_0, 0, 8;
    %pushi/vec4 255, 0, 8;
    %store/vec4 v0x1370069e0_0, 0, 8;
    %pushi/vec4 255, 0, 8;
    %store/vec4 v0x137030970_0, 0, 8;
T_2.14 ;
T_2.11 ;
T_2.6 ;
T_2.3 ;
    %jmp T_2;
    .thread T_2, $push;
# The file index is used to find the file name in the following table.
:file_names 4;
    "N/A";
    "<interactive>";
    "-";
    "display_controller.sv";
